cp: cannot create regular file ‘../out/gnomad-production-winlen_1000.MAF_0.0001.allVar_upper_thres_500.varType_snv.Pop_all-PASS_ONLY-NO_SEGDUP-NO_LCR-high_conf_regions/config_MAF0.0001_snv.yaml’: File exists

Attaching package: ‘MASS’

The following object is masked from ‘package:glm2’:

    crabs

Loading required package: Matrix
Loading required package: foreach
Loaded glmnet 2.0-18

Loading required package: Formula
Loading required package: plotrix
Loading required package: TeachingDemos
Type 'citation("pROC")' for a citation.

Attaching package: ‘pROC’

The following object is masked from ‘package:glmnet’:

    auc

The following objects are masked from ‘package:stats’:

    cov, smooth, var

── Attaching packages ─────────────────────────────────────── tidyverse 1.2.1 ──
✔ tibble  2.1.3     ✔ purrr   0.3.2
✔ tidyr   0.8.3     ✔ dplyr   0.8.1
✔ readr   1.3.1     ✔ stringr 1.4.0
✔ tibble  2.1.3     ✔ forcats 0.4.0
── Conflicts ────────────────────────────────────────── tidyverse_conflicts() ──
✖ dplyr::filter() masks stats::filter()
✖ dplyr::lag()    masks stats::lag()

Attaching package: ‘ggridges’

The following object is masked from ‘package:ggplot2’:

    scale_discrete_manual


Attaching package: ‘scales’

The following object is masked from ‘package:purrr’:

    discard

The following object is masked from ‘package:readr’:

    col_factor

── Attaching packages ─────────────────────────────────────── tidyverse 1.2.1 ──
✔ tibble  2.1.3     ✔ purrr   0.3.2
✔ tidyr   0.8.3     ✔ dplyr   0.8.1
✔ readr   1.3.1     ✔ stringr 1.4.0
✔ tibble  2.1.3     ✔ forcats 0.4.0
── Conflicts ────────────────────────────────────────── tidyverse_conflicts() ──
✖ dplyr::filter() masks stats::filter()
✖ dplyr::lag()    masks stats::lag()

Attaching package: ‘ggridges’

The following object is masked from ‘package:ggplot2’:

    scale_discrete_manual


Attaching package: ‘scales’

The following object is masked from ‘package:purrr’:

    discard

The following object is masked from ‘package:readr’:

    col_factor

── Attaching packages ─────────────────────────────────────── tidyverse 1.2.1 ──
✔ tibble  2.1.3     ✔ purrr   0.3.2
✔ tidyr   0.8.3     ✔ dplyr   0.8.1
✔ readr   1.3.1     ✔ stringr 1.4.0
✔ tibble  2.1.3     ✔ forcats 0.4.0
── Conflicts ────────────────────────────────────────── tidyverse_conflicts() ──
✖ dplyr::filter() masks stats::filter()
✖ dplyr::lag()    masks stats::lag()

Attaching package: ‘ggridges’

The following object is masked from ‘package:ggplot2’:

    scale_discrete_manual


Attaching package: ‘scales’

The following object is masked from ‘package:purrr’:

    discard

The following object is masked from ‘package:readr’:

    col_factor

