
Attaching package: ‘MASS’

The following object is masked from ‘package:glm2’:

    crabs

Loading required package: Matrix
Loading required package: foreach
Loaded glmnet 2.0-18

Loading required package: Formula
Loading required package: plotrix
Loading required package: TeachingDemos
Type 'citation("pROC")' for a citation.

Attaching package: ‘pROC’

The following object is masked from ‘package:glmnet’:

    auc

The following objects are masked from ‘package:stats’:

    cov, smooth, var

/projects/cgr/users/kclc950/gwRVIS/bin/custom_utils.py:161: RuntimeWarning: divide by zero encountered in true_divide
  modified_z_score = 0.6745 * diff / med_abs_deviation
/projects/cgr/users/kclc950/gwRVIS/bin/custom_utils.py:161: RuntimeWarning: invalid value encountered in true_divide
  modified_z_score = 0.6745 * diff / med_abs_deviation
/projects/cgr/users/kclc950/gwRVIS/bin/custom_utils.py:163: RuntimeWarning: invalid value encountered in greater
  return modified_z_score > thresh
Traceback (most recent call last):
  File "get_gwrvis_distr_by_genomic_class.py", line 346, in <module>
    make_plots(sorted_genomic_classes, gwrvis_lists, length_per_class)
  File "get_gwrvis_distr_by_genomic_class.py", line 206, in make_plots
    sns.kdeplot(cur_gwrvis, bw=0.5, ax=ax1, shade=False, color=genomic_colors[name])
  File "/home/kclc950/.conda/envs/py3/lib/python3.6/site-packages/seaborn/distributions.py", line 691, in kdeplot
    cumulative=cumulative, **kwargs)
  File "/home/kclc950/.conda/envs/py3/lib/python3.6/site-packages/seaborn/distributions.py", line 294, in _univariate_kdeplot
    x, y = _scipy_univariate_kde(data, bw, gridsize, cut, clip)
  File "/home/kclc950/.conda/envs/py3/lib/python3.6/site-packages/seaborn/distributions.py", line 366, in _scipy_univariate_kde
    kde = stats.gaussian_kde(data, bw_method=bw)
  File "/home/kclc950/.conda/envs/py3/lib/python3.6/site-packages/scipy/stats/kde.py", line 208, in __init__
    self.set_bandwidth(bw_method=bw_method)
  File "/home/kclc950/.conda/envs/py3/lib/python3.6/site-packages/scipy/stats/kde.py", line 554, in set_bandwidth
    self._compute_covariance()
  File "/home/kclc950/.conda/envs/py3/lib/python3.6/site-packages/scipy/stats/kde.py", line 566, in _compute_covariance
    self._data_inv_cov = linalg.inv(self._data_covariance)
  File "/home/kclc950/.conda/envs/py3/lib/python3.6/site-packages/scipy/linalg/basic.py", line 974, in inv
    raise LinAlgError("singular matrix")
numpy.linalg.LinAlgError: singular matrix
/projects/cgr/users/kclc950/gwRVIS/bin/custom_utils.py:161: RuntimeWarning: divide by zero encountered in true_divide
  modified_z_score = 0.6745 * diff / med_abs_deviation
/projects/cgr/users/kclc950/gwRVIS/bin/custom_utils.py:161: RuntimeWarning: invalid value encountered in true_divide
  modified_z_score = 0.6745 * diff / med_abs_deviation
/projects/cgr/users/kclc950/gwRVIS/bin/custom_utils.py:163: RuntimeWarning: invalid value encountered in greater
  return modified_z_score > thresh
Traceback (most recent call last):
  File "get_gwrvis_distr_by_genomic_class.py", line 346, in <module>
    make_plots(sorted_genomic_classes, gwrvis_lists, length_per_class)
  File "get_gwrvis_distr_by_genomic_class.py", line 206, in make_plots
    sns.kdeplot(cur_gwrvis, bw=0.5, ax=ax1, shade=False, color=genomic_colors[name])
  File "/home/kclc950/.conda/envs/py3/lib/python3.6/site-packages/seaborn/distributions.py", line 691, in kdeplot
    cumulative=cumulative, **kwargs)
  File "/home/kclc950/.conda/envs/py3/lib/python3.6/site-packages/seaborn/distributions.py", line 294, in _univariate_kdeplot
    x, y = _scipy_univariate_kde(data, bw, gridsize, cut, clip)
  File "/home/kclc950/.conda/envs/py3/lib/python3.6/site-packages/seaborn/distributions.py", line 366, in _scipy_univariate_kde
    kde = stats.gaussian_kde(data, bw_method=bw)
  File "/home/kclc950/.conda/envs/py3/lib/python3.6/site-packages/scipy/stats/kde.py", line 208, in __init__
    self.set_bandwidth(bw_method=bw_method)
  File "/home/kclc950/.conda/envs/py3/lib/python3.6/site-packages/scipy/stats/kde.py", line 554, in set_bandwidth
    self._compute_covariance()
  File "/home/kclc950/.conda/envs/py3/lib/python3.6/site-packages/scipy/stats/kde.py", line 566, in _compute_covariance
    self._data_inv_cov = linalg.inv(self._data_covariance)
  File "/home/kclc950/.conda/envs/py3/lib/python3.6/site-packages/scipy/linalg/basic.py", line 974, in inv
    raise LinAlgError("singular matrix")
numpy.linalg.LinAlgError: singular matrix
/projects/cgr/users/kclc950/gwRVIS/bin/custom_utils.py:161: RuntimeWarning: divide by zero encountered in true_divide
  modified_z_score = 0.6745 * diff / med_abs_deviation
/projects/cgr/users/kclc950/gwRVIS/bin/custom_utils.py:161: RuntimeWarning: invalid value encountered in true_divide
  modified_z_score = 0.6745 * diff / med_abs_deviation
/projects/cgr/users/kclc950/gwRVIS/bin/custom_utils.py:163: RuntimeWarning: invalid value encountered in greater
  return modified_z_score > thresh
Traceback (most recent call last):
  File "get_gwrvis_distr_by_genomic_class.py", line 346, in <module>
    make_plots(sorted_genomic_classes, gwrvis_lists, length_per_class)
  File "get_gwrvis_distr_by_genomic_class.py", line 206, in make_plots
    sns.kdeplot(cur_gwrvis, bw=0.5, ax=ax1, shade=False, color=genomic_colors[name])
  File "/home/kclc950/.conda/envs/py3/lib/python3.6/site-packages/seaborn/distributions.py", line 691, in kdeplot
    cumulative=cumulative, **kwargs)
  File "/home/kclc950/.conda/envs/py3/lib/python3.6/site-packages/seaborn/distributions.py", line 294, in _univariate_kdeplot
    x, y = _scipy_univariate_kde(data, bw, gridsize, cut, clip)
  File "/home/kclc950/.conda/envs/py3/lib/python3.6/site-packages/seaborn/distributions.py", line 366, in _scipy_univariate_kde
    kde = stats.gaussian_kde(data, bw_method=bw)
  File "/home/kclc950/.conda/envs/py3/lib/python3.6/site-packages/scipy/stats/kde.py", line 208, in __init__
    self.set_bandwidth(bw_method=bw_method)
  File "/home/kclc950/.conda/envs/py3/lib/python3.6/site-packages/scipy/stats/kde.py", line 554, in set_bandwidth
    self._compute_covariance()
  File "/home/kclc950/.conda/envs/py3/lib/python3.6/site-packages/scipy/stats/kde.py", line 566, in _compute_covariance
    self._data_inv_cov = linalg.inv(self._data_covariance)
  File "/home/kclc950/.conda/envs/py3/lib/python3.6/site-packages/scipy/linalg/basic.py", line 974, in inv
    raise LinAlgError("singular matrix")
numpy.linalg.LinAlgError: singular matrix
── Attaching packages ─────────────────────────────────────── tidyverse 1.2.1 ──
✔ tibble  2.1.3     ✔ purrr   0.3.2
✔ tidyr   0.8.3     ✔ dplyr   0.8.1
✔ readr   1.3.1     ✔ stringr 1.4.0
✔ tibble  2.1.3     ✔ forcats 0.4.0
── Conflicts ────────────────────────────────────────── tidyverse_conflicts() ──
✖ dplyr::filter() masks stats::filter()
✖ dplyr::lag()    masks stats::lag()

Attaching package: ‘ggridges’

The following object is masked from ‘package:ggplot2’:

    scale_discrete_manual


Attaching package: ‘scales’

The following object is masked from ‘package:purrr’:

    discard

The following object is masked from ‘package:readr’:

    col_factor

── Attaching packages ─────────────────────────────────────── tidyverse 1.2.1 ──
✔ tibble  2.1.3     ✔ purrr   0.3.2
✔ tidyr   0.8.3     ✔ dplyr   0.8.1
✔ readr   1.3.1     ✔ stringr 1.4.0
✔ tibble  2.1.3     ✔ forcats 0.4.0
── Conflicts ────────────────────────────────────────── tidyverse_conflicts() ──
✖ dplyr::filter() masks stats::filter()
✖ dplyr::lag()    masks stats::lag()

Attaching package: ‘ggridges’

The following object is masked from ‘package:ggplot2’:

    scale_discrete_manual


Attaching package: ‘scales’

The following object is masked from ‘package:purrr’:

    discard

The following object is masked from ‘package:readr’:

    col_factor

── Attaching packages ─────────────────────────────────────── tidyverse 1.2.1 ──
✔ tibble  2.1.3     ✔ purrr   0.3.2
✔ tidyr   0.8.3     ✔ dplyr   0.8.1
✔ readr   1.3.1     ✔ stringr 1.4.0
✔ tibble  2.1.3     ✔ forcats 0.4.0
── Conflicts ────────────────────────────────────────── tidyverse_conflicts() ──
✖ dplyr::filter() masks stats::filter()
✖ dplyr::lag()    masks stats::lag()

Attaching package: ‘ggridges’

The following object is masked from ‘package:ggplot2’:

    scale_discrete_manual


Attaching package: ‘scales’

The following object is masked from ‘package:purrr’:

    discard

The following object is masked from ‘package:readr’:

    col_factor

